Build started 2017/2/16 23:20:28.
     1>Project "D:\project\TestCascade\test\test\test.vcxproj" on node 2 (Build target(s)).
     1>Link:
         C:\Program Files (x86)\Microsoft Visual Studio 12.0\VC\bin\link.exe /ERRORREPORT:PROMPT /OUT:"D:\project\TestCascade\test\Debug\test.exe" /INCREMENTAL /NOLOGO opencv_world310d.lib kernel32.lib user32.lib gdi32.lib winspool.lib comdlg32.lib advapi32.lib shell32.lib ole32.lib oleaut32.lib uuid.lib odbc32.lib odbccp32.lib /MANIFEST /MANIFESTUAC:"level='asInvoker' uiAccess='false'" /manifest:embed /DEBUG /PDB:"D:\project\TestCascade\test\Debug\test.pdb" /TLBID:1 /DYNAMICBASE /NXCOMPAT /IMPLIB:"D:\project\TestCascade\test\Debug\test.lib" /MACHINE:X86 Debug\Source.obj
     1>opencv_world310d.lib(opencv_world310d.dll) : fatal error LNK1112: module machine type 'x64' conflicts with target machine type 'X86'
     1>Done Building Project "D:\project\TestCascade\test\test\test.vcxproj" (Build target(s)) -- FAILED.

Build FAILED.

Time Elapsed 00:00:00.19
